<?xml version="1.0" encoding="UTF-8"?>
<testng-results skipped="3" failed="0" total="3" passed="0">
  <reporter-output>
  </reporter-output>
  <suite name="Suite" duration-ms="55" started-at="2021-05-21T17:50:12Z" finished-at="2021-05-21T17:50:12Z">
    <groups>
    </groups>
    <test name="login" duration-ms="40" started-at="2021-05-21T17:50:12Z" finished-at="2021-05-21T17:50:12Z">
      <class name="Academy.HomePage">
        <test-method status="FAIL" signature="openBrowser()[pri:0, instance:Academy.HomePage@6c7a164b]" name="openBrowser" is-config="true" duration-ms="0" started-at="2021-05-21T23:20:12Z" finished-at="2021-05-21T23:20:12Z">
          <exception class="java.io.FileNotFoundException">
            <message>
              <![CDATA[D:\Automation\Workspace1\E2EProjectsrc\main\java\resources\data.properties (The system cannot find the path specified)]]>
            </message>
            <full-stacktrace>
              <![CDATA[java.io.FileNotFoundException: D:\Automation\Workspace1\E2EProjectsrc\main\java\resources\data.properties (The system cannot find the path specified)
	at java.io.FileInputStream.open0(Native Method)
	at java.io.FileInputStream.open(FileInputStream.java:195)
	at java.io.FileInputStream.<init>(FileInputStream.java:138)
	at java.io.FileInputStream.<init>(FileInputStream.java:93)
	at resources.Base.intializeDriver(Base.java:24)
	at Academy.HomePage.openBrowser(HomePage.java:24)
	at sun.reflect.NativeMethodAccessorImpl.invoke0(Native Method)
	at sun.reflect.NativeMethodAccessorImpl.invoke(NativeMethodAccessorImpl.java:62)
	at sun.reflect.DelegatingMethodAccessorImpl.invoke(DelegatingMethodAccessorImpl.java:43)
	at java.lang.reflect.Method.invoke(Method.java:498)
	at org.testng.internal.MethodInvocationHelper.invokeMethod(MethodInvocationHelper.java:80)
	at org.testng.internal.Invoker.invokeConfigurationMethod(Invoker.java:564)
	at org.testng.internal.Invoker.invokeConfigurations(Invoker.java:213)
	at org.testng.internal.Invoker.invokeConfigurations(Invoker.java:138)
	at org.testng.TestRunner.beforeRun(TestRunner.java:641)
	at org.testng.TestRunner.run(TestRunner.java:609)
	at org.testng.SuiteRunner.runTest(SuiteRunner.java:334)
	at org.testng.SuiteRunner.runSequentially(SuiteRunner.java:329)
	at org.testng.SuiteRunner.privateRun(SuiteRunner.java:291)
	at org.testng.SuiteRunner.run(SuiteRunner.java:240)
	at org.testng.SuiteRunnerWorker.runSuite(SuiteRunnerWorker.java:52)
	at org.testng.SuiteRunnerWorker.run(SuiteRunnerWorker.java:86)
	at org.testng.TestNG.runSuitesSequentially(TestNG.java:1198)
	at org.testng.TestNG.runSuitesLocally(TestNG.java:1123)
	at org.testng.TestNG.run(TestNG.java:1031)
	at org.apache.maven.surefire.testng.TestNGExecutor.run(TestNGExecutor.java:284)
	at org.apache.maven.surefire.testng.TestNGXmlTestSuite.execute(TestNGXmlTestSuite.java:75)
	at org.apache.maven.surefire.testng.TestNGProvider.invoke(TestNGProvider.java:119)
	at org.apache.maven.surefire.booter.ForkedBooter.runSuitesInProcess(ForkedBooter.java:428)
	at org.apache.maven.surefire.booter.ForkedBooter.execute(ForkedBooter.java:162)
	at org.apache.maven.surefire.booter.ForkedBooter.run(ForkedBooter.java:562)
	at org.apache.maven.surefire.booter.ForkedBooter.main(ForkedBooter.java:548)
]]>
            </full-stacktrace>
          </exception> <!-- java.io.FileNotFoundException -->
          <reporter-output>
          </reporter-output>
        </test-method> <!-- openBrowser -->
        <test-method status="SKIP" signature="basePageNavigate(java.lang.String, java.lang.String)[pri:0, instance:Academy.HomePage@6c7a164b]" name="basePageNavigate" duration-ms="7" started-at="2021-05-21T23:20:12Z" data-provider="getData" finished-at="2021-05-21T23:20:12Z">
          <params>
            <param index="0">
              <value>
                <![CDATA[sharadbhat47gmail.com]]>
              </value>
            </param>
            <param index="1">
              <value>
                <![CDATA[12345]]>
              </value>
            </param>
          </params>
          <reporter-output>
          </reporter-output>
        </test-method> <!-- basePageNavigate -->
        <test-method status="SKIP" signature="basePageNavigate(java.lang.String, java.lang.String)[pri:0, instance:Academy.HomePage@6c7a164b]" name="basePageNavigate" duration-ms="0" started-at="2021-05-21T23:20:12Z" data-provider="getData" finished-at="2021-05-21T23:20:12Z">
          <params>
            <param index="0">
              <value>
                <![CDATA[nonrestricted]]>
              </value>
            </param>
            <param index="1">
              <value>
                <![CDATA[34566]]>
              </value>
            </param>
          </params>
          <reporter-output>
          </reporter-output>
        </test-method> <!-- basePageNavigate -->
        <test-method status="SKIP" signature="closeBrowser()[pri:0, instance:Academy.HomePage@6c7a164b]" name="closeBrowser" is-config="true" duration-ms="0" started-at="2021-05-21T23:20:12Z" finished-at="2021-05-21T23:20:12Z">
          <reporter-output>
          </reporter-output>
        </test-method> <!-- closeBrowser -->
      </class> <!-- Academy.HomePage -->
    </test> <!-- login -->
    <test name="validate test" duration-ms="1" started-at="2021-05-21T17:50:12Z" finished-at="2021-05-21T17:50:12Z">
      <class name="Academy.validateTitle">
        <test-method status="FAIL" signature="openBrowser()[pri:0, instance:Academy.validateTitle@478db956]" name="openBrowser" is-config="true" duration-ms="0" started-at="2021-05-21T23:20:12Z" finished-at="2021-05-21T23:20:12Z">
          <exception class="java.io.FileNotFoundException">
            <message>
              <![CDATA[D:\Automation\Workspace1\E2EProjectsrc\main\java\resources\data.properties (The system cannot find the path specified)]]>
            </message>
            <full-stacktrace>
              <![CDATA[java.io.FileNotFoundException: D:\Automation\Workspace1\E2EProjectsrc\main\java\resources\data.properties (The system cannot find the path specified)
	at java.io.FileInputStream.open0(Native Method)
	at java.io.FileInputStream.open(FileInputStream.java:195)
	at java.io.FileInputStream.<init>(FileInputStream.java:138)
	at java.io.FileInputStream.<init>(FileInputStream.java:93)
	at resources.Base.intializeDriver(Base.java:24)
	at Academy.validateTitle.openBrowser(validateTitle.java:25)
	at sun.reflect.NativeMethodAccessorImpl.invoke0(Native Method)
	at sun.reflect.NativeMethodAccessorImpl.invoke(NativeMethodAccessorImpl.java:62)
	at sun.reflect.DelegatingMethodAccessorImpl.invoke(DelegatingMethodAccessorImpl.java:43)
	at java.lang.reflect.Method.invoke(Method.java:498)
	at org.testng.internal.MethodInvocationHelper.invokeMethod(MethodInvocationHelper.java:80)
	at org.testng.internal.Invoker.invokeConfigurationMethod(Invoker.java:564)
	at org.testng.internal.Invoker.invokeConfigurations(Invoker.java:213)
	at org.testng.internal.Invoker.invokeConfigurations(Invoker.java:138)
	at org.testng.TestRunner.beforeRun(TestRunner.java:641)
	at org.testng.TestRunner.run(TestRunner.java:609)
	at org.testng.SuiteRunner.runTest(SuiteRunner.java:334)
	at org.testng.SuiteRunner.runSequentially(SuiteRunner.java:329)
	at org.testng.SuiteRunner.privateRun(SuiteRunner.java:291)
	at org.testng.SuiteRunner.run(SuiteRunner.java:240)
	at org.testng.SuiteRunnerWorker.runSuite(SuiteRunnerWorker.java:52)
	at org.testng.SuiteRunnerWorker.run(SuiteRunnerWorker.java:86)
	at org.testng.TestNG.runSuitesSequentially(TestNG.java:1198)
	at org.testng.TestNG.runSuitesLocally(TestNG.java:1123)
	at org.testng.TestNG.run(TestNG.java:1031)
	at org.apache.maven.surefire.testng.TestNGExecutor.run(TestNGExecutor.java:284)
	at org.apache.maven.surefire.testng.TestNGXmlTestSuite.execute(TestNGXmlTestSuite.java:75)
	at org.apache.maven.surefire.testng.TestNGProvider.invoke(TestNGProvider.java:119)
	at org.apache.maven.surefire.booter.ForkedBooter.runSuitesInProcess(ForkedBooter.java:428)
	at org.apache.maven.surefire.booter.ForkedBooter.execute(ForkedBooter.java:162)
	at org.apache.maven.surefire.booter.ForkedBooter.run(ForkedBooter.java:562)
	at org.apache.maven.surefire.booter.ForkedBooter.main(ForkedBooter.java:548)
]]>
            </full-stacktrace>
          </exception> <!-- java.io.FileNotFoundException -->
          <reporter-output>
          </reporter-output>
        </test-method> <!-- openBrowser -->
        <test-method status="SKIP" signature="closeBrowser()[pri:0, instance:Academy.validateTitle@478db956]" name="closeBrowser" is-config="true" duration-ms="0" started-at="2021-05-21T23:20:12Z" finished-at="2021-05-21T23:20:12Z">
          <reporter-output>
          </reporter-output>
        </test-method> <!-- closeBrowser -->
        <test-method status="SKIP" signature="validateText()[pri:0, instance:Academy.validateTitle@478db956]" name="validateText" duration-ms="0" started-at="2021-05-21T23:20:12Z" finished-at="2021-05-21T23:20:12Z">
          <reporter-output>
          </reporter-output>
        </test-method> <!-- validateText -->
      </class> <!-- Academy.validateTitle -->
    </test> <!-- validate test -->
  </suite> <!-- Suite -->
</testng-results>
